<?xml version="1.0" encoding="UTF-8"?>
<testng-results ignored="0" total="1" passed="1" failed="0" skipped="0">
  <reporter-output>
  </reporter-output>
  <suite started-at="2020-03-10T19:03:40Z" name="Default suite" finished-at="2020-03-10T19:04:07Z" duration-ms="26804">
    <groups>
    </groups>
    <test started-at="2020-03-10T19:03:40Z" name="Default test" finished-at="2020-03-10T19:04:07Z" duration-ms="26804">
      <class name="com.cts.test.TuxedoTest">
        <test-method signature="mainTest()[pri:0, instance:com.cts.test.TuxedoTest@69504ae9]" started-at="2020-03-10T19:03:40Z" name="mainTest" finished-at="2020-03-10T19:04:07Z" duration-ms="26675" status="PASS">
          <reporter-output>
          </reporter-output>
        </test-method> <!-- mainTest -->
      </class> <!-- com.cts.test.TuxedoTest -->
    </test> <!-- Default test -->
  </suite> <!-- Default suite -->
</testng-results>
